  BalloonShooting.cpp
  BoundingBox.cpp
  Camera.cpp
  CollisionManager.cpp
  Input.cpp
C:\Users\alexm\Documents\GitHub\Balloon-Shooting-Challange\Project\SlimeCore2D\Input.cpp(101,19): warning C4244: 'argument': conversion from 'double' to 'float', possible loss of data
  ObjectManager.cpp
C:\Users\alexm\Documents\GitHub\Balloon-Shooting-Challange\Project\SlimeCore2D\ObjectManager.cpp(24,45): warning C4267: 'argument': conversion from 'size_t' to 'int', possible loss of data
C:\Users\alexm\Documents\GitHub\Balloon-Shooting-Challange\Project\SlimeCore2D\ObjectManager.cpp(35,45): warning C4267: 'argument': conversion from 'size_t' to 'int', possible loss of data
C:\Users\alexm\Documents\GitHub\Balloon-Shooting-Challange\Project\SlimeCore2D\ObjectManager.cpp(46,52): warning C4267: 'argument': conversion from 'size_t' to 'int', possible loss of data
C:\Users\alexm\Documents\GitHub\Balloon-Shooting-Challange\Project\SlimeCore2D\ObjectManager.cpp(96,23): warning C4267: 'return': conversion from 'size_t' to 'int', possible loss of data
  Quad.cpp
C:\Users\alexm\Documents\GitHub\Balloon-Shooting-Challange\Project\SlimeCore2D\Quad.cpp(17,1): error C2509: 'SetRadius': member function not declared in 'Quad'
C:\Users\alexm\Documents\GitHub\Balloon-Shooting-Challange\Project\SlimeCore2D\Quad.h(4): message : see declaration of 'Quad'
C:\Users\alexm\Documents\GitHub\Balloon-Shooting-Challange\Project\SlimeCore2D\Quad.cpp(22,1): error C2509: 'GetRadius': member function not declared in 'Quad'
C:\Users\alexm\Documents\GitHub\Balloon-Shooting-Challange\Project\SlimeCore2D\Quad.h(4): message : see declaration of 'Quad'
  Game2D.cpp
  GameObject.cpp
C:\Users\alexm\Documents\GitHub\Balloon-Shooting-Challange\Project\SlimeCore2D\GameObject.cpp(111,70): warning C4244: 'argument': conversion from 'int' to 'T', possible loss of data
          with
          [
              T=float
          ]
  PhysicsScene.cpp
C:\Users\alexm\Documents\GitHub\Balloon-Shooting-Challange\Project\SlimeCore2D\PhysicsScene.cpp(35,39): warning C4267: 'argument': conversion from 'size_t' to 'int', possible loss of data
  Renderer2D.cpp
C:\Users\alexm\Documents\GitHub\Balloon-Shooting-Challange\Project\SlimeCore2D\Renderer2D.cpp(111,29): warning C4267: 'argument': conversion from 'size_t' to 'int', possible loss of data
  RigidBody.cpp
  Shader.cpp
  SlimeCore2D.cpp
  Sprite.cpp
  Text.cpp
  Texture.cpp
C:\Users\alexm\Documents\GitHub\Balloon-Shooting-Challange\Project\SlimeCore2D\Texture.cpp(68,10): warning C4477: 'printf' : format string '%c' requires an argument of type 'int', but variadic argument 1 has type 'const _Elem *'
          with
          [
              _Elem=char
          ]
C:\Users\alexm\Documents\GitHub\Balloon-Shooting-Challange\Project\SlimeCore2D\Texture.cpp(68,10): warning C4313: 'printf': '%c' in format string conflicts with argument 1 of type 'const _Elem *'
          with
          [
              _Elem=char
          ]
  Window.cpp
  Generating Code...
